

times in msec
 clock   self+sourced   self:  sourced script
 clock   elapsed:              other lines

000.022  000.022: --- VIM STARTING ---
019.313  019.291: Allocated generic buffers
049.710  030.397: locale set
049.724  000.014: clipboard setup
049.741  000.017: window checked
050.504  000.763: inits 1
050.514  000.010: parsing arguments
050.516  000.002: expanding arguments
096.224  045.708: shell init
096.669  000.445: Termcap init
096.701  000.032: inits 2
096.935  000.234: init highlight
133.366  001.048  001.048: sourcing /Users/trasmussen/.vim/autoload/pathogen.vim
192.151  000.270  000.270: sourcing /Users/trasmussen/.vim/bundle/vim-javascript/ftdetect/javascript.vim
202.343  000.520  000.520: sourcing /Users/trasmussen/.vim/bundle/vim-jsx/ftdetect/javascript.vim
202.639  048.833  048.043: sourcing /usr/local/share/vim/vim80/filetype.vim
203.068  000.099  000.099: sourcing /usr/local/share/vim/vim80/ftplugin.vim
203.269  000.023  000.023: sourcing /usr/local/share/vim/vim80/filetype.vim
203.678  000.078  000.078: sourcing /usr/local/share/vim/vim80/indent.vim
216.212  002.031  002.031: sourcing /usr/local/share/vim/vim80/syntax/syncolor.vim
216.439  002.576  000.545: sourcing /usr/local/share/vim/vim80/syntax/synload.vim
216.501  002.961  000.385: sourcing /usr/local/share/vim/vim80/syntax/syntax.vim
217.092  000.330  000.330: sourcing /usr/local/share/vim/vim80/syntax/syncolor.vim
217.613  103.313  049.941: sourcing $HOME/.vimrc
217.623  017.375: sourcing vimrc file(s)
229.443  000.268  000.268: sourcing /Users/trasmussen/.vim/bundle/lightline.vim/plugin/lightline.vim
312.542  018.075  018.075: sourcing /Users/trasmussen/.vim/bundle/nerdtree/autoload/nerdtree.vim
318.334  001.566  001.566: sourcing /Users/trasmussen/.vim/bundle/nerdtree/lib/nerdtree/path.vim
319.201  000.561  000.561: sourcing /Users/trasmussen/.vim/bundle/nerdtree/lib/nerdtree/menu_controller.vim
319.730  000.222  000.222: sourcing /Users/trasmussen/.vim/bundle/nerdtree/lib/nerdtree/menu_item.vim
320.529  000.509  000.509: sourcing /Users/trasmussen/.vim/bundle/nerdtree/lib/nerdtree/key_map.vim
321.429  000.663  000.663: sourcing /Users/trasmussen/.vim/bundle/nerdtree/lib/nerdtree/bookmark.vim
322.537  000.821  000.821: sourcing /Users/trasmussen/.vim/bundle/nerdtree/lib/nerdtree/tree_file_node.vim
324.166  001.380  001.380: sourcing /Users/trasmussen/.vim/bundle/nerdtree/lib/nerdtree/tree_dir_node.vim
325.127  000.681  000.681: sourcing /Users/trasmussen/.vim/bundle/nerdtree/lib/nerdtree/opener.vim
326.112  000.726  000.726: sourcing /Users/trasmussen/.vim/bundle/nerdtree/lib/nerdtree/creator.vim
326.513  000.158  000.158: sourcing /Users/trasmussen/.vim/bundle/nerdtree/lib/nerdtree/flag_set.vim
327.185  000.431  000.431: sourcing /Users/trasmussen/.vim/bundle/nerdtree/lib/nerdtree/nerdtree.vim
328.432  001.015  001.015: sourcing /Users/trasmussen/.vim/bundle/nerdtree/lib/nerdtree/ui.vim
328.719  000.058  000.058: sourcing /Users/trasmussen/.vim/bundle/nerdtree/lib/nerdtree/event.vim
329.095  000.096  000.096: sourcing /Users/trasmussen/.vim/bundle/nerdtree/lib/nerdtree/notifier.vim
331.135  001.136  001.136: sourcing /Users/trasmussen/.vim/bundle/nerdtree/autoload/nerdtree/ui_glue.vim
380.446  000.216  000.216: sourcing /Users/trasmussen/.vim/bundle/nerdtree/nerdtree_plugin/exec_menuitem.vim
382.018  001.335  001.335: sourcing /Users/trasmussen/.vim/bundle/nerdtree/nerdtree_plugin/fs_menu.vim
382.294  119.026  089.377: sourcing /Users/trasmussen/.vim/bundle/nerdtree/plugin/NERD_tree.vim
418.766  000.171  000.171: sourcing /usr/local/share/vim/vim80/plugin/getscriptPlugin.vim
419.521  000.533  000.533: sourcing /usr/local/share/vim/vim80/plugin/gzip.vim
420.439  000.720  000.720: sourcing /usr/local/share/vim/vim80/plugin/logiPat.vim
420.654  000.041  000.041: sourcing /usr/local/share/vim/vim80/plugin/manpager.vim
421.425  000.561  000.561: sourcing /usr/local/share/vim/vim80/plugin/matchparen.vim
422.996  001.376  001.376: sourcing /usr/local/share/vim/vim80/plugin/netrwPlugin.vim
423.258  000.039  000.039: sourcing /usr/local/share/vim/vim80/plugin/rrhelper.vim
423.570  000.072  000.072: sourcing /usr/local/share/vim/vim80/plugin/spellfile.vim
424.108  000.315  000.315: sourcing /usr/local/share/vim/vim80/plugin/tarPlugin.vim
424.682  000.370  000.370: sourcing /usr/local/share/vim/vim80/plugin/tohtml.vim
425.302  000.350  000.350: sourcing /usr/local/share/vim/vim80/plugin/vimballPlugin.vim
425.985  000.408  000.408: sourcing /usr/local/share/vim/vim80/plugin/zipPlugin.vim
426.003  084.130: loading plugins
426.495  000.492: loading packages
426.618  000.123: loading after plugins
426.633  000.015: inits 3
451.364  024.731: reading viminfo
451.401  000.037: setting raw mode
451.424  000.023: start termcap
451.565  000.141: clearing screen
471.652  001.929  001.929: sourcing /Users/trasmussen/.vim/bundle/lightline.vim/autoload/lightline.vim
473.510  000.138  000.138: sourcing /Users/trasmussen/.vim/bundle/lightline.vim/autoload/lightline/tab.vim
475.529  000.570  000.570: sourcing /Users/trasmussen/.vim/bundle/lightline.vim/autoload/lightline/colorscheme.vim
481.635  007.228  006.658: sourcing /Users/trasmussen/.vim/bundle/lightline.vim/autoload/lightline/colorscheme/powerline.vim
481.660  007.700  000.472: sourcing /Users/trasmussen/.vim/bundle/lightline.vim/autoload/lightline/colorscheme/default.vim
489.652  028.320: opening buffers
489.747  000.095: BufEnter autocommands
489.755  000.008: editing files in windows
490.129  000.374: VimEnter autocommands
490.138  000.009: before starting main loop
494.311  004.173: first screen update
494.316  000.005: --- VIM STARTED ---
